<?xml version="1.0" encoding="UTF-8"?>
<!-- Generated by org.testng.reporters.JUnitReportReporter -->
<testsuite hostname="PHANI-PC" name="com.tm.TestCases.TestCase_LoginPage" tests="1" failures="0" timestamp="13 Dec 2019 04:13:31 GMT" time="45.905" errors="0">
  <testcase name="TC_Login" time="45.905" classname="com.tm.TestCases.TestCase_LoginPage"/>
</testsuite> <!-- com.tm.TestCases.TestCase_LoginPage -->
