<?xml version="1.0" encoding="UTF-8"?>
<!-- Generated by org.testng.reporters.JUnitReportReporter -->
<testsuite hostname="PHANI-PC" name="com.tm.TestCases.TestCases_Leave" tests="2" failures="0" timestamp="9 Dec 2019 04:48:25 GMT" time="51.305" errors="0">
  <testcase name="TC102_ApplyLeave" time="27.714" classname="com.tm.TestCases.TestCases_Leave"/>
  <testcase name="TC101_verifyLoginFunctionality" time="23.591" classname="com.tm.TestCases.TestCases_Leave"/>
</testsuite> <!-- com.tm.TestCases.TestCases_Leave -->
